Using pre-set license
Built from '2020.3/staging' branch; Version is '2020.3.17f1 (a4537701e4ab) revision 10769271'; Using compiler version '192528614'; Build Type 'Release'
OS: 'Windows 10 Pro; OS build 19043.1165; Version 2009; 64bit' Language: 'en' Physical Memory: 65470 MB
BatchMode: 1, IsHumanControllingUs: 0, StartBugReporterOnCrash: 0, Is64bit: 1, IsPro: 0

COMMAND LINE ARGUMENTS:
C:\Program Files\Unity\Hub\Editor\2020.3.17f1\Editor\Unity.exe
-adb2
-batchMode
-noUpm
-name
AssetImportWorker0
-projectPath
U:/Data/Gamedev/Unity/Projects/32BitJam
-logFile
Logs/AssetImportWorker0.log
-srvPort
56565
Successfully changed project path to: U:/Data/Gamedev/Unity/Projects/32BitJam
U:/Data/Gamedev/Unity/Projects/32BitJam
Using Asset Import Pipeline V2.
Refreshing native plugins compatible for Editor in 22.73 ms, found 2 plugins.
Preloading 0 native plugins for Editor in 0.00 ms.
Initialize engine version: 2020.3.17f1 (a4537701e4ab)
[Subsystems] Discovering subsystems at path C:/Program Files/Unity/Hub/Editor/2020.3.17f1/Editor/Data/Resources/UnitySubsystems
[Subsystems] Discovering subsystems at path U:/Data/Gamedev/Unity/Projects/32BitJam/Assets
GfxDevice: creating device client; threaded=0
Direct3D:
    Version:  Direct3D 11.0 [level 11.1]
    Renderer: NVIDIA GeForce RTX 2070 (ID=0x1f07)
    Vendor:   
    VRAM:     8031 MB
    Driver:   30.0.14.7141
Initialize mono
Mono path[0] = 'C:/Program Files/Unity/Hub/Editor/2020.3.17f1/Editor/Data/Managed'
Mono path[1] = 'C:/Program Files/Unity/Hub/Editor/2020.3.17f1/Editor/Data/MonoBleedingEdge/lib/mono/unityjit'
Mono config path = 'C:/Program Files/Unity/Hub/Editor/2020.3.17f1/Editor/Data/MonoBleedingEdge/etc'
Using monoOptions --debugger-agent=transport=dt_socket,embedding=1,server=y,suspend=n,address=127.0.0.1:56836
Begin MonoManager ReloadAssembly
Registering precompiled unity dll's ...
Register platform support module: C:/Program Files/Unity/Hub/Editor/2020.3.17f1/Editor/Data/PlaybackEngines/WebGLSupport/UnityEditor.WebGL.Extensions.dll
Register platform support module: C:/Program Files/Unity/Hub/Editor/2020.3.17f1/Editor/Data/PlaybackEngines/WindowsStandaloneSupport/UnityEditor.WindowsStandalone.Extensions.dll
Registered in 0.001695 seconds.
Native extension for WindowsStandalone target not found
Native extension for WebGL target not found
Refreshing native plugins compatible for Editor in 22.24 ms, found 2 plugins.
Preloading 0 native plugins for Editor in 0.00 ms.
Mono: successfully reloaded assembly
- Completed reload, in  1.451 seconds
Domain Reload Profiling:
	ReloadAssembly (1451ms)
		BeginReloadAssembly (42ms)
			ExecutionOrderSort (0ms)
			DisableScriptedObjects (0ms)
			BackupInstance (0ms)
			ReleaseScriptingObjects (0ms)
			CreateAndSetChildDomain (1ms)
		EndReloadAssembly (327ms)
			LoadAssemblies (40ms)
			RebuildTransferFunctionScriptingTraits (0ms)
			SetupTypeCache (121ms)
			ReleaseScriptCaches (0ms)
			RebuildScriptCaches (24ms)
			SetupLoadedEditorAssemblies (123ms)
				LogAssemblyErrors (0ms)
				InitializePlatformSupportModulesInManaged (3ms)
				SetLoadedEditorAssemblies (0ms)
				RefreshPlugins (22ms)
				BeforeProcessingInitializeOnLoad (13ms)
				ProcessInitializeOnLoadAttributes (63ms)
				ProcessInitializeOnLoadMethodAttributes (22ms)
				AfterProcessingInitializeOnLoad (0ms)
				EditorAssembliesLoaded (0ms)
			ExecutionOrderSort2 (0ms)
			AwakeInstancesAfterBackupRestoration (0ms)
Platform modules already initialized, skipping
Registering precompiled user dll's ...
Registered in 0.001738 seconds.
Begin MonoManager ReloadAssembly
Native extension for WindowsStandalone target not found
Native extension for WebGL target not found
Refreshing native plugins compatible for Editor in 0.24 ms, found 2 plugins.
Preloading 0 native plugins for Editor in 0.00 ms.
Mono: successfully reloaded assembly
- Completed reload, in  0.846 seconds
Domain Reload Profiling:
	ReloadAssembly (847ms)
		BeginReloadAssembly (112ms)
			ExecutionOrderSort (0ms)
			DisableScriptedObjects (4ms)
			BackupInstance (0ms)
			ReleaseScriptingObjects (0ms)
			CreateAndSetChildDomain (13ms)
		EndReloadAssembly (686ms)
			LoadAssemblies (64ms)
			RebuildTransferFunctionScriptingTraits (0ms)
			SetupTypeCache (210ms)
			ReleaseScriptCaches (0ms)
			RebuildScriptCaches (33ms)
			SetupLoadedEditorAssemblies (304ms)
				LogAssemblyErrors (0ms)
				InitializePlatformSupportModulesInManaged (5ms)
				SetLoadedEditorAssemblies (0ms)
				RefreshPlugins (0ms)
				BeforeProcessingInitializeOnLoad (59ms)
				ProcessInitializeOnLoadAttributes (232ms)
				ProcessInitializeOnLoadMethodAttributes (3ms)
				AfterProcessingInitializeOnLoad (5ms)
				EditorAssembliesLoaded (0ms)
			ExecutionOrderSort2 (0ms)
			AwakeInstancesAfterBackupRestoration (5ms)
Platform modules already initialized, skipping
========================================================================
Worker process is ready to serve import requests
Launched and connected shader compiler UnityShaderCompiler.exe after 0.05 seconds
Refreshing native plugins compatible for Editor in 0.25 ms, found 2 plugins.
Preloading 0 native plugins for Editor in 0.00 ms.
Unloading 1397 Unused Serialized files (Serialized files now loaded: 0)
System memory in use before: 64.9 MB.
System memory in use after: 64.9 MB.

Unloading 18 unused Assets to reduce memory usage. Loaded Objects now: 1830.
Total: 2.269700 ms (FindLiveObjects: 0.106300 ms CreateObjectMapping: 0.029700 ms MarkObjects: 2.076700 ms  DeleteObjects: 0.056100 ms)

AssetImportParameters requested are different than current active one (requested -> active):
  custom:framework-win-MediaFoundation: 216162199b28c13a410421893ffa2e32 -> 
  custom:video-decoder-ogg-theora: a1e56fd34408186e4bbccfd4996cb3dc -> 
  custom:container-muxer-webm: aa71ff27fc2769a1b78a27578f13a17b -> 
  custom:container-demuxer-webm: 4f35f7cbe854078d1ac9338744f61a02 -> 
  custom:container-demuxer-ogg: 62fdf1f143b41e24485cea50d1cbac27 -> 
  custom:video-encoder-webm-vp8: eb34c28f22e8b96e1ab97ce403110664 -> 
  custom:video-decoder-webm-vp8: 9c59270c3fd7afecdb556c50c9e8de78 -> 
  custom:audio-decoder-ogg-vorbis: bf7c407c2cedff20999df2af8eb42d56 -> 
  custom:audio-encoder-webm-vorbis: bf7c407c2cedff20999df2af8eb42d56 -> 
========================================================================
Received Import Request.
  path: Assets/Scenes/SampleScene.unity
  artifactKey: Guid(9fc0d4010bbf28b4594072e72b8655ab) Importer(815301076,1909f56bfc062723c751e8b465ee728b)
Start importing Assets/Scenes/SampleScene.unity using Guid(9fc0d4010bbf28b4594072e72b8655ab) Importer(815301076,1909f56bfc062723c751e8b465ee728b)  -> (artifact id: '85059f4f9e1a832ed95adaa0d25c5c4c') in 0.013700 seconds 
  Import took 0.015298 seconds .

========================================================================
Received Import Request.
  Time since last request: 0.000201 seconds.
  path: Assets/Scenes
  artifactKey: Guid(b9ebd6e91dcb13e40919e01ea847adc9) Importer(815301076,1909f56bfc062723c751e8b465ee728b)
Start importing Assets/Scenes using Guid(b9ebd6e91dcb13e40919e01ea847adc9) Importer(815301076,1909f56bfc062723c751e8b465ee728b)  -> (artifact id: '59df35bae9c7ca0d6292881dfb33e20c') in 0.005563 seconds 
  Import took 0.007093 seconds .

========================================================================
Received Import Request.
  Time since last request: 9.466372 seconds.
  path: Assets/Scenes/TopDownSandbox.unity
  artifactKey: Guid(9fc0d4010bbf28b4594072e72b8655ab) Importer(815301076,1909f56bfc062723c751e8b465ee728b)
Start importing Assets/Scenes/TopDownSandbox.unity using Guid(9fc0d4010bbf28b4594072e72b8655ab) Importer(815301076,1909f56bfc062723c751e8b465ee728b)  -> (artifact id: '9eaa083983c7a5e21024ff4724621936') in 0.005590 seconds 
  Import took 0.007466 seconds .

========================================================================
Received Import Request.
  Time since last request: 0.009247 seconds.
  path: Assets/Scenes/TopDownSandbox.unity
  artifactKey: Guid(9fc0d4010bbf28b4594072e72b8655ab) Importer(815301076,1909f56bfc062723c751e8b465ee728b)
Start importing Assets/Scenes/TopDownSandbox.unity using Guid(9fc0d4010bbf28b4594072e72b8655ab) Importer(815301076,1909f56bfc062723c751e8b465ee728b)  -> (artifact id: '9eaa083983c7a5e21024ff4724621936') in 0.002270 seconds 
  Import took 0.003909 seconds .

========================================================================
Received Import Request.
  Time since last request: 3.649338 seconds.
  path: Assets
  artifactKey: Guid(00000000000000001000000000000000) Importer(815301076,1909f56bfc062723c751e8b465ee728b)
Start importing Assets using Guid(00000000000000001000000000000000) Importer(815301076,1909f56bfc062723c751e8b465ee728b)  -> (artifact id: '42d402b061de3733987d63b9cc3b64de') in 0.001368 seconds 
  Import took 0.002999 seconds .

========================================================================
Received Import Request.
  Time since last request: 3.876413 seconds.
  path: Assets/Scripts
  artifactKey: Guid(1cf82a5f17302a14ca8e6883afe91dd7) Importer(815301076,1909f56bfc062723c751e8b465ee728b)
Start importing Assets/Scripts using Guid(1cf82a5f17302a14ca8e6883afe91dd7) Importer(815301076,1909f56bfc062723c751e8b465ee728b)  -> (artifact id: 'f9369de5ab4604ac3b9bc6ec293a4973') in 0.004058 seconds 
  Import took 0.005723 seconds .

========================================================================
Received Import Request.
  Time since last request: 6.020938 seconds.
  path: Assets/Prefabs
  artifactKey: Guid(c8e9008d586fd074ca73ae88b6bd2eab) Importer(815301076,1909f56bfc062723c751e8b465ee728b)
Start importing Assets/Prefabs using Guid(c8e9008d586fd074ca73ae88b6bd2eab) Importer(815301076,1909f56bfc062723c751e8b465ee728b)  -> (artifact id: '7306a13b9890593ac5f1acf304e940b5') in 0.004229 seconds 
  Import took 0.005872 seconds .

========================================================================
Received Import Request.
  Time since last request: 0.005382 seconds.
  path: Assets/Prefabs
  artifactKey: Guid(c8e9008d586fd074ca73ae88b6bd2eab) Importer(815301076,1909f56bfc062723c751e8b465ee728b)
Start importing Assets/Prefabs using Guid(c8e9008d586fd074ca73ae88b6bd2eab) Importer(815301076,1909f56bfc062723c751e8b465ee728b)  -> (artifact id: '7306a13b9890593ac5f1acf304e940b5') in 0.001381 seconds 
  Import took 0.003141 seconds .

========================================================================
Received Import Request.
  Time since last request: 5.565757 seconds.
  path: Assets/NewBehaviourScript.cs
  artifactKey: Guid(8ed6a13be4cf1c8439dc1ec5aa6040ae) Importer(815301076,1909f56bfc062723c751e8b465ee728b)
Start importing Assets/NewBehaviourScript.cs using Guid(8ed6a13be4cf1c8439dc1ec5aa6040ae) Importer(815301076,1909f56bfc062723c751e8b465ee728b)  -> (artifact id: '6335187dc3e25329bda69efad974e15b') in 0.014401 seconds 
  Import took 0.016111 seconds .

========================================================================
Received Prepare
Registering precompiled user dll's ...
Registered in 0.001641 seconds.
Begin MonoManager ReloadAssembly
Native extension for WindowsStandalone target not found
Native extension for WebGL target not found
Refreshing native plugins compatible for Editor in 0.24 ms, found 2 plugins.
Preloading 0 native plugins for Editor in 0.00 ms.
Mono: successfully reloaded assembly
- Completed reload, in  0.801 seconds
Domain Reload Profiling:
	ReloadAssembly (802ms)
		BeginReloadAssembly (83ms)
			ExecutionOrderSort (0ms)
			DisableScriptedObjects (4ms)
			BackupInstance (0ms)
			ReleaseScriptingObjects (0ms)
			CreateAndSetChildDomain (23ms)
		EndReloadAssembly (670ms)
			LoadAssemblies (62ms)
			RebuildTransferFunctionScriptingTraits (0ms)
			SetupTypeCache (228ms)
			ReleaseScriptCaches (1ms)
			RebuildScriptCaches (28ms)
			SetupLoadedEditorAssemblies (276ms)
				LogAssemblyErrors (0ms)
				InitializePlatformSupportModulesInManaged (5ms)
				SetLoadedEditorAssemblies (0ms)
				RefreshPlugins (0ms)
				BeforeProcessingInitializeOnLoad (53ms)
				ProcessInitializeOnLoadAttributes (210ms)
				ProcessInitializeOnLoadMethodAttributes (3ms)
				AfterProcessingInitializeOnLoad (4ms)
				EditorAssembliesLoaded (0ms)
			ExecutionOrderSort2 (0ms)
			AwakeInstancesAfterBackupRestoration (6ms)
Platform modules already initialized, skipping
Refreshing native plugins compatible for Editor in 0.25 ms, found 2 plugins.
Preloading 0 native plugins for Editor in 0.00 ms.
Unloading 1391 Unused Serialized files (Serialized files now loaded: 0)
System memory in use before: 64.7 MB.
System memory in use after: 64.8 MB.

Unloading 13 unused Assets to reduce memory usage. Loaded Objects now: 1832.
Total: 2.079100 ms (FindLiveObjects: 0.105000 ms CreateObjectMapping: 0.030300 ms MarkObjects: 1.927900 ms  DeleteObjects: 0.015200 ms)

AssetImportParameters requested are different than current active one (requested -> active):
  custom:framework-win-MediaFoundation: 216162199b28c13a410421893ffa2e32 -> 
  custom:video-decoder-ogg-theora: a1e56fd34408186e4bbccfd4996cb3dc -> 
  custom:container-muxer-webm: aa71ff27fc2769a1b78a27578f13a17b -> 
  custom:container-demuxer-webm: 4f35f7cbe854078d1ac9338744f61a02 -> 
  custom:container-demuxer-ogg: 62fdf1f143b41e24485cea50d1cbac27 -> 
  custom:video-encoder-webm-vp8: eb34c28f22e8b96e1ab97ce403110664 -> 
  custom:video-decoder-webm-vp8: 9c59270c3fd7afecdb556c50c9e8de78 -> 
  custom:audio-decoder-ogg-vorbis: bf7c407c2cedff20999df2af8eb42d56 -> 
  custom:audio-encoder-webm-vorbis: bf7c407c2cedff20999df2af8eb42d56 -> 
========================================================================
Received Import Request.
  Time since last request: 9.799210 seconds.
  path: Assets/Materials
  artifactKey: Guid(746ffc458e660674c9251043e6de755e) Importer(815301076,1909f56bfc062723c751e8b465ee728b)
Start importing Assets/Materials using Guid(746ffc458e660674c9251043e6de755e) Importer(815301076,1909f56bfc062723c751e8b465ee728b)  -> (artifact id: '080ae5d295afc3371c781f33078f7142') in 0.005686 seconds 
  Import took 0.007501 seconds .

========================================================================
Received Import Request.
  Time since last request: 0.005461 seconds.
  path: Assets/Materials
  artifactKey: Guid(746ffc458e660674c9251043e6de755e) Importer(815301076,1909f56bfc062723c751e8b465ee728b)
Start importing Assets/Materials using Guid(746ffc458e660674c9251043e6de755e) Importer(815301076,1909f56bfc062723c751e8b465ee728b)  -> (artifact id: '080ae5d295afc3371c781f33078f7142') in 0.001081 seconds 
  Import took 0.002708 seconds .

========================================================================
Received Import Request.
  Time since last request: 69.228219 seconds.
  path: Assets/Materials/DevFloor.mat
  artifactKey: Guid(345ae7a3b7605d54fae38369d7fd7f2d) Importer(815301076,1909f56bfc062723c751e8b465ee728b)
Start importing Assets/Materials/DevFloor.mat using Guid(345ae7a3b7605d54fae38369d7fd7f2d) Importer(815301076,1909f56bfc062723c751e8b465ee728b)  -> (artifact id: 'd2818921f29e1d47b59ad84ea8d9b13f') in 0.071449 seconds 
  Import took 0.073394 seconds .

========================================================================
Received Import Request.
  Time since last request: 232.564314 seconds.
  path: Assets/Scripts/Utility
  artifactKey: Guid(a3baca8fbb281254d9d8a6c01d1d0697) Importer(815301076,1909f56bfc062723c751e8b465ee728b)
Start importing Assets/Scripts/Utility using Guid(a3baca8fbb281254d9d8a6c01d1d0697) Importer(815301076,1909f56bfc062723c751e8b465ee728b)  -> (artifact id: '4cdd20586462aff221e950df74e26ecb') in 0.004359 seconds 
  Import took 0.006104 seconds .

========================================================================
Received Import Request.
  Time since last request: 30.437957 seconds.
  path: Assets/Scripts/Utility/LockBotMeshToZero.cs
  artifactKey: Guid(dba0b19258c019f47ae3429a1e339682) Importer(815301076,1909f56bfc062723c751e8b465ee728b)
Start importing Assets/Scripts/Utility/LockBotMeshToZero.cs using Guid(dba0b19258c019f47ae3429a1e339682) Importer(815301076,1909f56bfc062723c751e8b465ee728b)  -> (artifact id: '4d8edff575ca40a32db15721d35e6d9d') in 0.004155 seconds 
  Import took 0.005974 seconds .

========================================================================
Received Prepare
Registering precompiled user dll's ...
Registered in 0.001587 seconds.
Begin MonoManager ReloadAssembly
Native extension for WindowsStandalone target not found
Native extension for WebGL target not found
Refreshing native plugins compatible for Editor in 0.38 ms, found 2 plugins.
Preloading 0 native plugins for Editor in 0.00 ms.
Mono: successfully reloaded assembly
- Completed reload, in  0.817 seconds
Domain Reload Profiling:
	ReloadAssembly (817ms)
		BeginReloadAssembly (82ms)
			ExecutionOrderSort (0ms)
			DisableScriptedObjects (5ms)
			BackupInstance (0ms)
			ReleaseScriptingObjects (0ms)
			CreateAndSetChildDomain (25ms)
		EndReloadAssembly (687ms)
			LoadAssemblies (62ms)
			RebuildTransferFunctionScriptingTraits (0ms)
			SetupTypeCache (209ms)
			ReleaseScriptCaches (1ms)
			RebuildScriptCaches (31ms)
			SetupLoadedEditorAssemblies (300ms)
				LogAssemblyErrors (0ms)
				InitializePlatformSupportModulesInManaged (6ms)
				SetLoadedEditorAssemblies (1ms)
				RefreshPlugins (0ms)
				BeforeProcessingInitializeOnLoad (56ms)
				ProcessInitializeOnLoadAttributes (228ms)
				ProcessInitializeOnLoadMethodAttributes (3ms)
				AfterProcessingInitializeOnLoad (5ms)
				EditorAssembliesLoaded (0ms)
			ExecutionOrderSort2 (0ms)
			AwakeInstancesAfterBackupRestoration (6ms)
Platform modules already initialized, skipping
Refreshing native plugins compatible for Editor in 0.25 ms, found 2 plugins.
Preloading 0 native plugins for Editor in 0.00 ms.
Unloading 1392 Unused Serialized files (Serialized files now loaded: 0)
System memory in use before: 68.1 MB.
System memory in use after: 68.2 MB.

Unloading 13 unused Assets to reduce memory usage. Loaded Objects now: 1875.
Total: 2.139500 ms (FindLiveObjects: 0.121200 ms CreateObjectMapping: 0.038400 ms MarkObjects: 1.962600 ms  DeleteObjects: 0.016400 ms)

AssetImportParameters requested are different than current active one (requested -> active):
  custom:framework-win-MediaFoundation: 216162199b28c13a410421893ffa2e32 -> 
  custom:video-decoder-ogg-theora: a1e56fd34408186e4bbccfd4996cb3dc -> 
  custom:container-muxer-webm: aa71ff27fc2769a1b78a27578f13a17b -> 
  custom:container-demuxer-webm: 4f35f7cbe854078d1ac9338744f61a02 -> 
  custom:container-demuxer-ogg: 62fdf1f143b41e24485cea50d1cbac27 -> 
  custom:video-encoder-webm-vp8: eb34c28f22e8b96e1ab97ce403110664 -> 
  custom:video-decoder-webm-vp8: 9c59270c3fd7afecdb556c50c9e8de78 -> 
  custom:audio-decoder-ogg-vorbis: bf7c407c2cedff20999df2af8eb42d56 -> 
  custom:audio-encoder-webm-vorbis: bf7c407c2cedff20999df2af8eb42d56 -> 
========================================================================
Received Import Request.
  Time since last request: 27.805449 seconds.
  path: Assets/Scripts/Utility/SetBottomMeshToZero.cs
  artifactKey: Guid(dba0b19258c019f47ae3429a1e339682) Importer(815301076,1909f56bfc062723c751e8b465ee728b)
Start importing Assets/Scripts/Utility/SetBottomMeshToZero.cs using Guid(dba0b19258c019f47ae3429a1e339682) Importer(815301076,1909f56bfc062723c751e8b465ee728b)  -> (artifact id: '5d957ec5495d8fa70d0b80baba2d93ec') in 0.014378 seconds 
  Import took 0.016219 seconds .

========================================================================
Received Prepare
Registering precompiled user dll's ...
Registered in 0.001683 seconds.
Begin MonoManager ReloadAssembly
Native extension for WindowsStandalone target not found
Native extension for WebGL target not found
Refreshing native plugins compatible for Editor in 0.24 ms, found 2 plugins.
Preloading 0 native plugins for Editor in 0.00 ms.
Mono: successfully reloaded assembly
- Completed reload, in  0.796 seconds
Domain Reload Profiling:
	ReloadAssembly (796ms)
		BeginReloadAssembly (78ms)
			ExecutionOrderSort (0ms)
			DisableScriptedObjects (4ms)
			BackupInstance (0ms)
			ReleaseScriptingObjects (0ms)
			CreateAndSetChildDomain (23ms)
		EndReloadAssembly (670ms)
			LoadAssemblies (62ms)
			RebuildTransferFunctionScriptingTraits (0ms)
			SetupTypeCache (208ms)
			ReleaseScriptCaches (1ms)
			RebuildScriptCaches (30ms)
			SetupLoadedEditorAssemblies (292ms)
				LogAssemblyErrors (0ms)
				InitializePlatformSupportModulesInManaged (5ms)
				SetLoadedEditorAssemblies (0ms)
				RefreshPlugins (0ms)
				BeforeProcessingInitializeOnLoad (61ms)
				ProcessInitializeOnLoadAttributes (218ms)
				ProcessInitializeOnLoadMethodAttributes (3ms)
				AfterProcessingInitializeOnLoad (5ms)
				EditorAssembliesLoaded (0ms)
			ExecutionOrderSort2 (0ms)
			AwakeInstancesAfterBackupRestoration (6ms)
Platform modules already initialized, skipping
Refreshing native plugins compatible for Editor in 0.24 ms, found 2 plugins.
Preloading 0 native plugins for Editor in 0.00 ms.
Unloading 1392 Unused Serialized files (Serialized files now loaded: 0)
System memory in use before: 68.1 MB.
System memory in use after: 68.2 MB.

Unloading 13 unused Assets to reduce memory usage. Loaded Objects now: 1877.
Total: 2.138900 ms (FindLiveObjects: 0.109000 ms CreateObjectMapping: 0.032900 ms MarkObjects: 1.983500 ms  DeleteObjects: 0.012800 ms)

AssetImportParameters requested are different than current active one (requested -> active):
  custom:framework-win-MediaFoundation: 216162199b28c13a410421893ffa2e32 -> 
  custom:video-decoder-ogg-theora: a1e56fd34408186e4bbccfd4996cb3dc -> 
  custom:container-muxer-webm: aa71ff27fc2769a1b78a27578f13a17b -> 
  custom:container-demuxer-webm: 4f35f7cbe854078d1ac9338744f61a02 -> 
  custom:container-demuxer-ogg: 62fdf1f143b41e24485cea50d1cbac27 -> 
  custom:video-encoder-webm-vp8: eb34c28f22e8b96e1ab97ce403110664 -> 
  custom:video-decoder-webm-vp8: 9c59270c3fd7afecdb556c50c9e8de78 -> 
  custom:audio-decoder-ogg-vorbis: bf7c407c2cedff20999df2af8eb42d56 -> 
  custom:audio-encoder-webm-vorbis: bf7c407c2cedff20999df2af8eb42d56 -> 
========================================================================
Received Prepare
Registering precompiled user dll's ...
Registered in 0.001626 seconds.
Begin MonoManager ReloadAssembly
Native extension for WindowsStandalone target not found
Native extension for WebGL target not found
Refreshing native plugins compatible for Editor in 0.24 ms, found 2 plugins.
Preloading 0 native plugins for Editor in 0.00 ms.
Mono: successfully reloaded assembly
- Completed reload, in  0.823 seconds
Domain Reload Profiling:
	ReloadAssembly (823ms)
		BeginReloadAssembly (85ms)
			ExecutionOrderSort (0ms)
			DisableScriptedObjects (4ms)
			BackupInstance (0ms)
			ReleaseScriptingObjects (0ms)
			CreateAndSetChildDomain (26ms)
		EndReloadAssembly (688ms)
			LoadAssemblies (65ms)
			RebuildTransferFunctionScriptingTraits (0ms)
			SetupTypeCache (220ms)
			ReleaseScriptCaches (1ms)
			RebuildScriptCaches (34ms)
			SetupLoadedEditorAssemblies (293ms)
				LogAssemblyErrors (0ms)
				InitializePlatformSupportModulesInManaged (5ms)
				SetLoadedEditorAssemblies (0ms)
				RefreshPlugins (0ms)
				BeforeProcessingInitializeOnLoad (57ms)
				ProcessInitializeOnLoadAttributes (223ms)
				ProcessInitializeOnLoadMethodAttributes (3ms)
				AfterProcessingInitializeOnLoad (5ms)
				EditorAssembliesLoaded (0ms)
			ExecutionOrderSort2 (0ms)
			AwakeInstancesAfterBackupRestoration (6ms)
Platform modules already initialized, skipping
Refreshing native plugins compatible for Editor in 0.25 ms, found 2 plugins.
Preloading 0 native plugins for Editor in 0.00 ms.
Unloading 1392 Unused Serialized files (Serialized files now loaded: 0)
System memory in use before: 68.1 MB.
System memory in use after: 68.2 MB.

Unloading 13 unused Assets to reduce memory usage. Loaded Objects now: 1879.
Total: 2.131100 ms (FindLiveObjects: 0.132300 ms CreateObjectMapping: 0.035900 ms MarkObjects: 1.948400 ms  DeleteObjects: 0.013900 ms)

AssetImportParameters requested are different than current active one (requested -> active):
  custom:framework-win-MediaFoundation: 216162199b28c13a410421893ffa2e32 -> 
  custom:video-decoder-ogg-theora: a1e56fd34408186e4bbccfd4996cb3dc -> 
  custom:container-muxer-webm: aa71ff27fc2769a1b78a27578f13a17b -> 
  custom:container-demuxer-webm: 4f35f7cbe854078d1ac9338744f61a02 -> 
  custom:container-demuxer-ogg: 62fdf1f143b41e24485cea50d1cbac27 -> 
  custom:video-encoder-webm-vp8: eb34c28f22e8b96e1ab97ce403110664 -> 
  custom:video-decoder-webm-vp8: 9c59270c3fd7afecdb556c50c9e8de78 -> 
  custom:audio-decoder-ogg-vorbis: bf7c407c2cedff20999df2af8eb42d56 -> 
  custom:audio-encoder-webm-vorbis: bf7c407c2cedff20999df2af8eb42d56 -> 
========================================================================
Received Import Request.
  Time since last request: 94.095631 seconds.
  path: Assets/Scripts/Utility/SetBottomMeshToZero.cs
  artifactKey: Guid(dba0b19258c019f47ae3429a1e339682) Importer(815301076,1909f56bfc062723c751e8b465ee728b)
Start importing Assets/Scripts/Utility/SetBottomMeshToZero.cs using Guid(dba0b19258c019f47ae3429a1e339682) Importer(815301076,1909f56bfc062723c751e8b465ee728b)  -> (artifact id: 'ae68fef215abf51f84cf938f29e27015') in 0.003155 seconds 
  Import took 0.005025 seconds .

========================================================================
Received Prepare
Registering precompiled user dll's ...
Registered in 0.001648 seconds.
Begin MonoManager ReloadAssembly
Native extension for WindowsStandalone target not found
Native extension for WebGL target not found
Refreshing native plugins compatible for Editor in 0.25 ms, found 2 plugins.
Preloading 0 native plugins for Editor in 0.00 ms.
Mono: successfully reloaded assembly
- Completed reload, in  0.808 seconds
Domain Reload Profiling:
	ReloadAssembly (808ms)
		BeginReloadAssembly (80ms)
			ExecutionOrderSort (0ms)
			DisableScriptedObjects (4ms)
			BackupInstance (0ms)
			ReleaseScriptingObjects (0ms)
			CreateAndSetChildDomain (23ms)
		EndReloadAssembly (674ms)
			LoadAssemblies (63ms)
			RebuildTransferFunctionScriptingTraits (0ms)
			SetupTypeCache (216ms)
			ReleaseScriptCaches (1ms)
			RebuildScriptCaches (29ms)
			SetupLoadedEditorAssemblies (289ms)
				LogAssemblyErrors (0ms)
				InitializePlatformSupportModulesInManaged (5ms)
				SetLoadedEditorAssemblies (0ms)
				RefreshPlugins (0ms)
				BeforeProcessingInitializeOnLoad (56ms)
				ProcessInitializeOnLoadAttributes (219ms)
				ProcessInitializeOnLoadMethodAttributes (3ms)
				AfterProcessingInitializeOnLoad (5ms)
				EditorAssembliesLoaded (0ms)
			ExecutionOrderSort2 (0ms)
			AwakeInstancesAfterBackupRestoration (5ms)
Platform modules already initialized, skipping
Refreshing native plugins compatible for Editor in 0.26 ms, found 2 plugins.
Preloading 0 native plugins for Editor in 0.00 ms.
Unloading 1392 Unused Serialized files (Serialized files now loaded: 0)
System memory in use before: 68.1 MB.
System memory in use after: 68.2 MB.

Unloading 13 unused Assets to reduce memory usage. Loaded Objects now: 1881.
Total: 2.149700 ms (FindLiveObjects: 0.125500 ms CreateObjectMapping: 0.034100 ms MarkObjects: 1.976500 ms  DeleteObjects: 0.012800 ms)

AssetImportParameters requested are different than current active one (requested -> active):
  custom:framework-win-MediaFoundation: 216162199b28c13a410421893ffa2e32 -> 
  custom:video-decoder-ogg-theora: a1e56fd34408186e4bbccfd4996cb3dc -> 
  custom:container-muxer-webm: aa71ff27fc2769a1b78a27578f13a17b -> 
  custom:container-demuxer-webm: 4f35f7cbe854078d1ac9338744f61a02 -> 
  custom:container-demuxer-ogg: 62fdf1f143b41e24485cea50d1cbac27 -> 
  custom:video-encoder-webm-vp8: eb34c28f22e8b96e1ab97ce403110664 -> 
  custom:video-decoder-webm-vp8: 9c59270c3fd7afecdb556c50c9e8de78 -> 
  custom:audio-decoder-ogg-vorbis: bf7c407c2cedff20999df2af8eb42d56 -> 
  custom:audio-encoder-webm-vorbis: bf7c407c2cedff20999df2af8eb42d56 -> 
========================================================================
Received Import Request.
  Time since last request: 95.915590 seconds.
  path: Assets/Scripts/Utility/SetBottomMeshToZero.cs
  artifactKey: Guid(dba0b19258c019f47ae3429a1e339682) Importer(815301076,1909f56bfc062723c751e8b465ee728b)
Start importing Assets/Scripts/Utility/SetBottomMeshToZero.cs using Guid(dba0b19258c019f47ae3429a1e339682) Importer(815301076,1909f56bfc062723c751e8b465ee728b)  -> (artifact id: 'e711cb07bc653d36cc27870f302b118c') in 0.003318 seconds 
  Import took 0.005269 seconds .

========================================================================
Received Prepare
Registering precompiled user dll's ...
Registered in 0.001888 seconds.
Begin MonoManager ReloadAssembly
Native extension for WindowsStandalone target not found
Native extension for WebGL target not found
Refreshing native plugins compatible for Editor in 0.24 ms, found 2 plugins.
Preloading 0 native plugins for Editor in 0.00 ms.
Mono: successfully reloaded assembly
- Completed reload, in  0.804 seconds
Domain Reload Profiling:
	ReloadAssembly (804ms)
		BeginReloadAssembly (83ms)
			ExecutionOrderSort (0ms)
			DisableScriptedObjects (4ms)
			BackupInstance (0ms)
			ReleaseScriptingObjects (0ms)
			CreateAndSetChildDomain (24ms)
		EndReloadAssembly (667ms)
			LoadAssemblies (65ms)
			RebuildTransferFunctionScriptingTraits (0ms)
			SetupTypeCache (212ms)
			ReleaseScriptCaches (1ms)
			RebuildScriptCaches (30ms)
			SetupLoadedEditorAssemblies (283ms)
				LogAssemblyErrors (0ms)
				InitializePlatformSupportModulesInManaged (5ms)
				SetLoadedEditorAssemblies (0ms)
				RefreshPlugins (0ms)
				BeforeProcessingInitializeOnLoad (55ms)
				ProcessInitializeOnLoadAttributes (215ms)
				ProcessInitializeOnLoadMethodAttributes (3ms)
				AfterProcessingInitializeOnLoad (5ms)
				EditorAssembliesLoaded (0ms)
			ExecutionOrderSort2 (0ms)
			AwakeInstancesAfterBackupRestoration (6ms)
Platform modules already initialized, skipping
Refreshing native plugins compatible for Editor in 0.24 ms, found 2 plugins.
Preloading 0 native plugins for Editor in 0.00 ms.
Unloading 1392 Unused Serialized files (Serialized files now loaded: 0)
System memory in use before: 68.2 MB.
System memory in use after: 68.3 MB.

Unloading 13 unused Assets to reduce memory usage. Loaded Objects now: 1883.
Total: 2.090300 ms (FindLiveObjects: 0.113100 ms CreateObjectMapping: 0.031900 ms MarkObjects: 1.930700 ms  DeleteObjects: 0.013800 ms)

AssetImportParameters requested are different than current active one (requested -> active):
  custom:framework-win-MediaFoundation: 216162199b28c13a410421893ffa2e32 -> 
  custom:video-decoder-ogg-theora: a1e56fd34408186e4bbccfd4996cb3dc -> 
  custom:container-muxer-webm: aa71ff27fc2769a1b78a27578f13a17b -> 
  custom:container-demuxer-webm: 4f35f7cbe854078d1ac9338744f61a02 -> 
  custom:container-demuxer-ogg: 62fdf1f143b41e24485cea50d1cbac27 -> 
  custom:video-encoder-webm-vp8: eb34c28f22e8b96e1ab97ce403110664 -> 
  custom:video-decoder-webm-vp8: 9c59270c3fd7afecdb556c50c9e8de78 -> 
  custom:audio-decoder-ogg-vorbis: bf7c407c2cedff20999df2af8eb42d56 -> 
  custom:audio-encoder-webm-vorbis: bf7c407c2cedff20999df2af8eb42d56 -> 
========================================================================
Received Import Request.
  Time since last request: 32.590220 seconds.
  path: Assets/Scripts/Utility/SetBottomMeshToZero.cs
  artifactKey: Guid(dba0b19258c019f47ae3429a1e339682) Importer(815301076,1909f56bfc062723c751e8b465ee728b)
Start importing Assets/Scripts/Utility/SetBottomMeshToZero.cs using Guid(dba0b19258c019f47ae3429a1e339682) Importer(815301076,1909f56bfc062723c751e8b465ee728b)  -> (artifact id: '9251e8d8c8604daea1028bdf73de2985') in 0.003067 seconds 
  Import took 0.004746 seconds .

========================================================================
Received Prepare
Registering precompiled user dll's ...
Registered in 0.001595 seconds.
Begin MonoManager ReloadAssembly
Native extension for WindowsStandalone target not found
Native extension for WebGL target not found
Refreshing native plugins compatible for Editor in 0.24 ms, found 2 plugins.
Preloading 0 native plugins for Editor in 0.00 ms.
Mono: successfully reloaded assembly
- Completed reload, in  0.776 seconds
Domain Reload Profiling:
	ReloadAssembly (776ms)
		BeginReloadAssembly (79ms)
			ExecutionOrderSort (0ms)
			DisableScriptedObjects (4ms)
			BackupInstance (0ms)
			ReleaseScriptingObjects (0ms)
			CreateAndSetChildDomain (22ms)
		EndReloadAssembly (641ms)
			LoadAssemblies (63ms)
			RebuildTransferFunctionScriptingTraits (0ms)
			SetupTypeCache (201ms)
			ReleaseScriptCaches (1ms)
			RebuildScriptCaches (29ms)
			SetupLoadedEditorAssemblies (274ms)
				LogAssemblyErrors (0ms)
				InitializePlatformSupportModulesInManaged (5ms)
				SetLoadedEditorAssemblies (0ms)
				RefreshPlugins (0ms)
				BeforeProcessingInitializeOnLoad (54ms)
				ProcessInitializeOnLoadAttributes (207ms)
				ProcessInitializeOnLoadMethodAttributes (3ms)
				AfterProcessingInitializeOnLoad (5ms)
				EditorAssembliesLoaded (0ms)
			ExecutionOrderSort2 (0ms)
			AwakeInstancesAfterBackupRestoration (5ms)
Platform modules already initialized, skipping
Refreshing native plugins compatible for Editor in 0.23 ms, found 2 plugins.
Preloading 0 native plugins for Editor in 0.00 ms.
Unloading 1392 Unused Serialized files (Serialized files now loaded: 0)
System memory in use before: 68.2 MB.
System memory in use after: 68.3 MB.

Unloading 13 unused Assets to reduce memory usage. Loaded Objects now: 1885.
Total: 2.186500 ms (FindLiveObjects: 0.104400 ms CreateObjectMapping: 0.030100 ms MarkObjects: 2.037800 ms  DeleteObjects: 0.013500 ms)

AssetImportParameters requested are different than current active one (requested -> active):
  custom:framework-win-MediaFoundation: 216162199b28c13a410421893ffa2e32 -> 
  custom:video-decoder-ogg-theora: a1e56fd34408186e4bbccfd4996cb3dc -> 
  custom:container-muxer-webm: aa71ff27fc2769a1b78a27578f13a17b -> 
  custom:container-demuxer-webm: 4f35f7cbe854078d1ac9338744f61a02 -> 
  custom:container-demuxer-ogg: 62fdf1f143b41e24485cea50d1cbac27 -> 
  custom:video-encoder-webm-vp8: eb34c28f22e8b96e1ab97ce403110664 -> 
  custom:video-decoder-webm-vp8: 9c59270c3fd7afecdb556c50c9e8de78 -> 
  custom:audio-decoder-ogg-vorbis: bf7c407c2cedff20999df2af8eb42d56 -> 
  custom:audio-encoder-webm-vorbis: bf7c407c2cedff20999df2af8eb42d56 -> 
========================================================================
Received Import Request.
  Time since last request: 92.486458 seconds.
  path: Assets/Scripts/TopDownSpecific
  artifactKey: Guid(3af3d4a4e9ca61349ad8d7747d5645d0) Importer(815301076,1909f56bfc062723c751e8b465ee728b)
Start importing Assets/Scripts/TopDownSpecific using Guid(3af3d4a4e9ca61349ad8d7747d5645d0) Importer(815301076,1909f56bfc062723c751e8b465ee728b)  -> (artifact id: 'f4132ae37ebc02d898c553d85c070906') in 0.006144 seconds 
  Import took 0.008022 seconds .

========================================================================
Received Import Request.
  Time since last request: 8.105148 seconds.
  path: Assets/Scripts/CardGameSpecific
  artifactKey: Guid(34c9132866416f0478cf0f539ce7c02b) Importer(815301076,1909f56bfc062723c751e8b465ee728b)
Start importing Assets/Scripts/CardGameSpecific using Guid(34c9132866416f0478cf0f539ce7c02b) Importer(815301076,1909f56bfc062723c751e8b465ee728b)  -> (artifact id: 'fb7a72e198aa870189e20cd48d96f8c3') in 0.004491 seconds 
  Import took 0.006208 seconds .

========================================================================
Received Import Request.
  Time since last request: 8.192372 seconds.
  path: Assets/Scripts/HamobachiSpecific
  artifactKey: Guid(46eed76708bebd449bb269fcb628fa8c) Importer(815301076,1909f56bfc062723c751e8b465ee728b)
Start importing Assets/Scripts/HamobachiSpecific using Guid(46eed76708bebd449bb269fcb628fa8c) Importer(815301076,1909f56bfc062723c751e8b465ee728b)  -> (artifact id: '159c825ee043eeae07c209424a1519c8') in 0.004427 seconds 
  Import took 0.006196 seconds .

========================================================================
Received Import Request.
  Time since last request: 15.889296 seconds.
  path: Assets/Scenes/TopDownSpecific
  artifactKey: Guid(554eee43e1b9268478e6fbbc4fc8f28b) Importer(815301076,1909f56bfc062723c751e8b465ee728b)
Start importing Assets/Scenes/TopDownSpecific using Guid(554eee43e1b9268478e6fbbc4fc8f28b) Importer(815301076,1909f56bfc062723c751e8b465ee728b)  -> (artifact id: '6c62b70b3532139d8f659c627564d0f3') in 0.001424 seconds 
  Import took 0.003293 seconds .

========================================================================
Received Import Request.
  Time since last request: 6.484311 seconds.
  path: Assets/Scenes/HamobachiSpecific
  artifactKey: Guid(ed55348d0579a504e8d71b64d3a9c8db) Importer(815301076,1909f56bfc062723c751e8b465ee728b)
Start importing Assets/Scenes/HamobachiSpecific using Guid(ed55348d0579a504e8d71b64d3a9c8db) Importer(815301076,1909f56bfc062723c751e8b465ee728b)  -> (artifact id: 'ea581cd4474cc9339016d7e696f4c9e6') in 0.001550 seconds 
  Import took 0.003486 seconds .

========================================================================
Received Import Request.
  Time since last request: 9.116510 seconds.
  path: Assets/Scenes/DeckbuilderSpecific
  artifactKey: Guid(65072b18335705e43b3a04b7dee2d0ef) Importer(815301076,1909f56bfc062723c751e8b465ee728b)
Start importing Assets/Scenes/DeckbuilderSpecific using Guid(65072b18335705e43b3a04b7dee2d0ef) Importer(815301076,1909f56bfc062723c751e8b465ee728b)  -> (artifact id: '4832746ace81eace8223d047f9a73db4') in 0.004696 seconds 
  Import took 0.006522 seconds .

========================================================================
Received Import Request.
  Time since last request: 4.443130 seconds.
  path: Assets/Scenes/Utility
  artifactKey: Guid(1d5ebde6a39ccac40947cd972d4ccbab) Importer(815301076,1909f56bfc062723c751e8b465ee728b)
Start importing Assets/Scenes/Utility using Guid(1d5ebde6a39ccac40947cd972d4ccbab) Importer(815301076,1909f56bfc062723c751e8b465ee728b)  -> (artifact id: 'd3395d0dc2ea6e1b8b7a0ae4cffb1fc1') in 0.001252 seconds 
  Import took 0.003060 seconds .

========================================================================
Received Import Request.
  Time since last request: 13.560652 seconds.
  path: Assets/Scripts/DeckbuilderSpecific
  artifactKey: Guid(34c9132866416f0478cf0f539ce7c02b) Importer(815301076,1909f56bfc062723c751e8b465ee728b)
Start importing Assets/Scripts/DeckbuilderSpecific using Guid(34c9132866416f0478cf0f539ce7c02b) Importer(815301076,1909f56bfc062723c751e8b465ee728b)  -> (artifact id: 'fbbf40208eb7b0e11e34f32d7c38114b') in 0.001394 seconds 
  Import took 0.003273 seconds .

========================================================================
Received Import Request.
  Time since last request: 9.737162 seconds.
  path: Assets/Prefabs/TopDownSpecific
  artifactKey: Guid(e8260e8cd123abf4e9de812bd98cfa3a) Importer(815301076,1909f56bfc062723c751e8b465ee728b)
Start importing Assets/Prefabs/TopDownSpecific using Guid(e8260e8cd123abf4e9de812bd98cfa3a) Importer(815301076,1909f56bfc062723c751e8b465ee728b)  -> (artifact id: '3701cb58758b597e42fe891e2b6e3ec8') in 0.001304 seconds 
  Import took 0.003123 seconds .

========================================================================
Received Import Request.
  Time since last request: 7.567950 seconds.
  path: Assets/Prefabs/DeckbuilderSpecific
  artifactKey: Guid(62a06e24ce8130546a48b1a6e348da60) Importer(815301076,1909f56bfc062723c751e8b465ee728b)
Start importing Assets/Prefabs/DeckbuilderSpecific using Guid(62a06e24ce8130546a48b1a6e348da60) Importer(815301076,1909f56bfc062723c751e8b465ee728b)  -> (artifact id: '1905f61b080a980a2e5f9da0fab4aa53') in 0.001452 seconds 
  Import took 0.003820 seconds .

========================================================================
Received Import Request.
  Time since last request: 20.787032 seconds.
  path: Assets/Prefabs/HamobachiSpecific
  artifactKey: Guid(ad6ab1ca026cd344aadb620cb55ad634) Importer(815301076,1909f56bfc062723c751e8b465ee728b)
Start importing Assets/Prefabs/HamobachiSpecific using Guid(ad6ab1ca026cd344aadb620cb55ad634) Importer(815301076,1909f56bfc062723c751e8b465ee728b)  -> (artifact id: 'b7b9640e0afa95178eaf33457a75a9de') in 0.001476 seconds 
  Import took 0.003443 seconds .

========================================================================
Received Import Request.
  Time since last request: 6.293967 seconds.
  path: Assets/Prefabs/Utility
  artifactKey: Guid(b09a7e1b7ea2ef34e876968eee75427b) Importer(815301076,1909f56bfc062723c751e8b465ee728b)
Start importing Assets/Prefabs/Utility using Guid(b09a7e1b7ea2ef34e876968eee75427b) Importer(815301076,1909f56bfc062723c751e8b465ee728b)  -> (artifact id: '445be15f6dc579d30b6655ea95911d11') in 0.001475 seconds 
  Import took 0.003233 seconds .

========================================================================
Received Import Request.
  Time since last request: 9.099490 seconds.
  path: Assets/Materials/TopDownSpecific
  artifactKey: Guid(1d708e294e6916441a00d4828f314f7b) Importer(815301076,1909f56bfc062723c751e8b465ee728b)
Start importing Assets/Materials/TopDownSpecific using Guid(1d708e294e6916441a00d4828f314f7b) Importer(815301076,1909f56bfc062723c751e8b465ee728b)  -> (artifact id: '6088eff0135b08d7b3887650c367607e') in 0.001378 seconds 
  Import took 0.003513 seconds .

========================================================================
Received Import Request.
  Time since last request: 6.054661 seconds.
  path: Assets/Materials/HamobachiSpecific
  artifactKey: Guid(9f93c171a92c1e74cb7d38079d79770d) Importer(815301076,1909f56bfc062723c751e8b465ee728b)
Start importing Assets/Materials/HamobachiSpecific using Guid(9f93c171a92c1e74cb7d38079d79770d) Importer(815301076,1909f56bfc062723c751e8b465ee728b)  -> (artifact id: 'c99dde6009fdd68fd36379b3bd8538dc') in 0.001489 seconds 
  Import took 0.003753 seconds .

========================================================================
Received Import Request.
  Time since last request: 12.900079 seconds.
  path: Assets/Materials/DeckbuilderSpecific
  artifactKey: Guid(8e45d2ba183022649ba871d6c141b377) Importer(815301076,1909f56bfc062723c751e8b465ee728b)
Start importing Assets/Materials/DeckbuilderSpecific using Guid(8e45d2ba183022649ba871d6c141b377) Importer(815301076,1909f56bfc062723c751e8b465ee728b)  -> (artifact id: '943289b06f651ddfd8ae1d9255e49057') in 0.001476 seconds 
  Import took 0.003212 seconds .

========================================================================
Received Import Request.
  Time since last request: 7.554104 seconds.
  path: Assets/Materials/Utility
  artifactKey: Guid(d95ebd79dfc65e946b7e7038f1fb1e71) Importer(815301076,1909f56bfc062723c751e8b465ee728b)
Start importing Assets/Materials/Utility using Guid(d95ebd79dfc65e946b7e7038f1fb1e71) Importer(815301076,1909f56bfc062723c751e8b465ee728b)  -> (artifact id: '979161182f4900725ef8272e198f98b7') in 0.001277 seconds 
  Import took 0.003178 seconds .

AssetImportWorkerClient::OnTransportError - code=2 error=End of file
